0 info it worked if it ends with ok
1 verbose cli [ '/usr/local/bin/node', '/usr/local/bin/npm', 'start' ]
2 info using npm@3.9.5
3 info using node@v6.0.0
4 verbose run-script [ 'prestart', 'start', 'poststart' ]
5 info lifecycle web-boilerplate@1.0.0~prestart: web-boilerplate@1.0.0
6 verbose lifecycle web-boilerplate@1.0.0~prestart: unsafe-perm in lifecycle true
7 verbose lifecycle web-boilerplate@1.0.0~prestart: PATH: /usr/local/lib/node_modules/npm/bin/node-gyp-bin:/Users/Kai/Work/SideProjects/web-starter/node_modules/.bin:/usr/local/bin:/Users/Kai/.rvm/gems/ruby-2.1.2/bin:/Users/Kai/.rvm/gems/ruby-2.1.2@global/bin:/Users/Kai/.rvm/rubies/ruby-2.1.2/bin:/usr/local/bin:/usr/local/Cellar/ruby/2.1.2_2/bin:/Users/Kai/.rvm/gems/ruby-2.1.2/bin:/Users/Kai/.rvm/gems/ruby-2.1.2@global/bin:/Users/Kai/.rvm/rubies/ruby-2.1.2/bin:/Library/Frameworks/Python.framework/Versions/3.4/bin:/usr/bin:/bin:/usr/sbin:/sbin:/usr/local/bin:/Users/Kai/.local/bin:/opt/X11/bin:/usr/local/git/bin:/usr/texbin:/Users/Kai/.rvm/bin:/Users/Kai/sdk/tools
8 verbose lifecycle web-boilerplate@1.0.0~prestart: CWD: /Users/Kai/Work/SideProjects/web-starter
9 silly lifecycle web-boilerplate@1.0.0~prestart: Args: [ '-c', 'rm -f index.html' ]
10 silly lifecycle web-boilerplate@1.0.0~prestart: Returned: code: 0  signal: null
11 info lifecycle web-boilerplate@1.0.0~start: web-boilerplate@1.0.0
12 verbose lifecycle web-boilerplate@1.0.0~start: unsafe-perm in lifecycle true
13 verbose lifecycle web-boilerplate@1.0.0~start: PATH: /usr/local/lib/node_modules/npm/bin/node-gyp-bin:/Users/Kai/Work/SideProjects/web-starter/node_modules/.bin:/usr/local/bin:/Users/Kai/.rvm/gems/ruby-2.1.2/bin:/Users/Kai/.rvm/gems/ruby-2.1.2@global/bin:/Users/Kai/.rvm/rubies/ruby-2.1.2/bin:/usr/local/bin:/usr/local/Cellar/ruby/2.1.2_2/bin:/Users/Kai/.rvm/gems/ruby-2.1.2/bin:/Users/Kai/.rvm/gems/ruby-2.1.2@global/bin:/Users/Kai/.rvm/rubies/ruby-2.1.2/bin:/Library/Frameworks/Python.framework/Versions/3.4/bin:/usr/bin:/bin:/usr/sbin:/sbin:/usr/local/bin:/Users/Kai/.local/bin:/opt/X11/bin:/usr/local/git/bin:/usr/texbin:/Users/Kai/.rvm/bin:/Users/Kai/sdk/tools
14 verbose lifecycle web-boilerplate@1.0.0~start: CWD: /Users/Kai/Work/SideProjects/web-starter
15 silly lifecycle web-boilerplate@1.0.0~start: Args: [ '-c', 'node server.js' ]
16 silly lifecycle web-boilerplate@1.0.0~start: Returned: code: 1  signal: null
17 info lifecycle web-boilerplate@1.0.0~start: Failed to exec start script
18 verbose stack Error: web-boilerplate@1.0.0 start: `node server.js`
18 verbose stack Exit status 1
18 verbose stack     at EventEmitter.<anonymous> (/usr/local/lib/node_modules/npm/lib/utils/lifecycle.js:245:16)
18 verbose stack     at emitTwo (events.js:106:13)
18 verbose stack     at EventEmitter.emit (events.js:191:7)
18 verbose stack     at ChildProcess.<anonymous> (/usr/local/lib/node_modules/npm/lib/utils/spawn.js:24:14)
18 verbose stack     at emitTwo (events.js:106:13)
18 verbose stack     at ChildProcess.emit (events.js:191:7)
18 verbose stack     at maybeClose (internal/child_process.js:850:16)
18 verbose stack     at Process.ChildProcess._handle.onexit (internal/child_process.js:215:5)
19 verbose pkgid web-boilerplate@1.0.0
20 verbose cwd /Users/Kai/Work/SideProjects/web-starter
21 error Darwin 15.5.0
22 error argv "/usr/local/bin/node" "/usr/local/bin/npm" "start"
23 error node v6.0.0
24 error npm  v3.9.5
25 error code ELIFECYCLE
26 error web-boilerplate@1.0.0 start: `node server.js`
26 error Exit status 1
27 error Failed at the web-boilerplate@1.0.0 start script 'node server.js'.
27 error Make sure you have the latest version of node.js and npm installed.
27 error If you do, this is most likely a problem with the web-boilerplate package,
27 error not with npm itself.
27 error Tell the author that this fails on your system:
27 error     node server.js
27 error You can get information on how to open an issue for this project with:
27 error     npm bugs web-boilerplate
27 error Or if that isn't available, you can get their info via:
27 error     npm owner ls web-boilerplate
27 error There is likely additional logging output above.
28 verbose exit [ 1, true ]
